* using log directory ‘/builds/jangorecki/logR/logR.Rcheck’
* using R version 3.2.3 (2015-12-10)
* using platform: x86_64-pc-linux-gnu (64-bit)
* using session charset: UTF-8
* using options ‘--no-manual --no-build-vignettes --as-cran’
* checking for file ‘logR/DESCRIPTION’ ... OK
* checking extension type ... Package
* this is package ‘logR’ version ‘2.1.5’
* checking CRAN incoming feasibility ... NOTE
Maintainer: ‘Jan Gorecki <j.gorecki@wit.edu.pl>’
New submission

Suggests or Enhances not in mainstream repositories:
  microbenchmarkCore

Availability using Additional_repositories specification:
  microbenchmarkCore   yes   https://olafmersmann.github.io/drat

The Title field should be in title case, current version then in title case:
‘Log R expressions’
‘Log R Expressions’
* checking package namespace information ... OK
* checking package dependencies ... OK
* checking if this is a source package ... OK
* checking if there is a namespace ... OK
* checking for executable files ... OK
* checking for hidden files and directories ... NOTE
Found the following hidden files and directories:
  .gitlab-ci.yml
These were most likely included in error. See section ‘Package
structure’ in the ‘Writing R Extensions’ manual.

CRAN-pack does not know about
  .gitlab-ci.yml
* checking for portable file names ... OK
* checking for sufficient/correct file permissions ... OK
* checking whether package ‘logR’ can be installed ... OK
* checking installed package size ... OK
* checking package directory ... OK
* checking DESCRIPTION meta-information ... OK
* checking top-level files ... NOTE
File README.md cannot be checked without ‘pandoc’ being installed.
* checking for left-over files ... OK
* checking index information ... OK
* checking package subdirectories ... OK
* checking R files for non-ASCII characters ... OK
* checking R files for syntax errors ... OK
* checking whether the package can be loaded ... OK
* checking whether the package can be loaded with stated dependencies ... OK
* checking whether the package can be unloaded cleanly ... OK
* checking whether the namespace can be loaded with stated dependencies ... OK
* checking whether the namespace can be unloaded cleanly ... OK
* checking loading without being on the library search path ... OK
* checking use of S3 registration ... OK
* checking dependencies in R code ... OK
* checking S3 generic/method consistency ... OK
* checking replacement functions ... OK
* checking foreign function calls ... OK
* checking R code for possible problems ... OK
* checking Rd files ... OK
* checking Rd metadata ... OK
* checking Rd line widths ... OK
* checking Rd cross-references ... OK
* checking for missing documentation entries ... OK
* checking for code/documentation mismatches ... OK
* checking Rd \usage sections ... OK
* checking Rd contents ... OK
* checking for unstated dependencies in examples ... OK
 WARNING
‘qpdf’ is needed for checks on size reduction of PDFs
* checking installed files from ‘inst/doc’ ... OK
* checking examples ... OK
* checking for unstated dependencies in ‘tests’ ... OK
* checking tests ... OK
  Running ‘tests-exceptions.R’
  Running ‘tests-features.R’
  Running ‘tests-hierarchical.R’
* DONE
Status: 1 WARNING, 3 NOTEs
